This is pdfTeX, Version 3.1415926-2.4-1.40.13 (TeX Live 2012/Debian) (format=pdflatex 2015.2.9)  5 MAY 2016 13:16
entering extended mode
 restricted \write18 enabled.
 %&-line parsing enabled.
**"–û—Ü–µ–Ω–∫–∞ —Ç–æ—á–Ω–æ—Å—Ç–∏ —Ç–µ–æ—Ä–∏–π –¥–≤–∏–∂–µ–Ω–∏—è —Å–ø—É—Ç–Ω–∏–∫–æ
–≤ –£—Ä–∞–Ω–∞.tex"

(./–û—Ü–µ–Ω–∫–∞ —Ç–æ—á–Ω–æ—Å—Ç–∏ —Ç–µ–æ—Ä–∏–π –¥–≤–∏–∂–µ–Ω–∏—è —Å–ø—É—Ç–Ω–∏–∫–æ
–≤ –£—Ä–∞–Ω–∞.tex
LaTeX2e <2011/06/27>
Babel <v3.8m> and hyphenation patterns for english, dumylang, nohyphenation, bu
lgarian, ukrainian, russian, loaded.
(/usr/share/texlive/texmf-dist/tex/latex/base/article.cls
Document Class: article 2007/10/19 v1.4h Standard LaTeX document class
(/usr/share/texlive/texmf-dist/tex/latex/base/size10.clo
File: size10.clo 2007/10/19 v1.4h Standard LaTeX file (size option)
)
\c@part=\count79
\c@section=\count80
\c@subsection=\count81
\c@subsubsection=\count82
\c@paragraph=\count83
\c@subparagraph=\count84
\c@figure=\count85
\c@table=\count86
\abovecaptionskip=\skip41
\belowcaptionskip=\skip42
\bibindent=\dimen102
)
(/usr/share/texlive/texmf-dist/tex/latex/base/inputenc.sty
Package: inputenc 2008/03/30 v1.1d Input encoding file
\inpenc@prehook=\toks14
\inpenc@posthook=\toks15

(/usr/share/texlive/texmf-dist/tex/latex/cyrillic/koi8-r.def
File: koi8-r.def 1999/11/16 v1.0d Input encoding file
))
(/usr/share/texlive/texmf-dist/tex/generic/babel/babel.sty
Package: babel 2008/07/08 v3.8m The Babel package

(/usr/share/texlive/texmf-dist/tex/generic/babel/russianb.ldf
Language: russianb 2008/03/21 v1.1r Russian support from the babel system

(/usr/share/texlive/texmf-dist/tex/generic/babel/babel.def
File: babel.def 2008/07/08 v3.8m Babel common definitions
\babel@savecnt=\count87
\U@D=\dimen103
)
(/usr/share/texlive/texmf-dist/tex/latex/cyrillic/t2aenc.def
File: t2aenc.def 2005/09/27 v1.0i Cyrillic encoding definition file
)
Package babel Info: Making " an active character on input line 199.
))
(/usr/share/texlive/texmf-dist/tex/latex/geometry/geometry.sty
Package: geometry 2010/09/12 v5.6 Page Geometry

(/usr/share/texlive/texmf-dist/tex/latex/graphics/keyval.sty
Package: keyval 1999/03/16 v1.13 key=value parser (DPC)
\KV@toks@=\toks16
)
(/usr/share/texlive/texmf-dist/tex/generic/oberdiek/ifpdf.sty
Package: ifpdf 2011/01/30 v2.3 Provides the ifpdf switch (HO)
Package ifpdf Info: pdfTeX in PDF mode is detected.
)
(/usr/share/texlive/texmf-dist/tex/generic/oberdiek/ifvtex.sty
Package: ifvtex 2010/03/01 v1.5 Detect VTeX and its facilities (HO)
Package ifvtex Info: VTeX not detected.
)
(/usr/share/texlive/texmf-dist/tex/generic/ifxetex/ifxetex.sty
Package: ifxetex 2010/09/12 v0.6 Provides ifxetex conditional
)
\Gm@cnth=\count88
\Gm@cntv=\count89
\c@Gm@tempcnt=\count90
\Gm@bindingoffset=\dimen104
\Gm@wd@mp=\dimen105
\Gm@odd@mp=\dimen106
\Gm@even@mp=\dimen107
\Gm@layoutwidth=\dimen108
\Gm@layoutheight=\dimen109
\Gm@layouthoffset=\dimen110
\Gm@layoutvoffset=\dimen111
\Gm@dimlist=\toks17
)
(/usr/share/texlive/texmf-dist/tex/latex/graphics/graphicx.sty
Package: graphicx 1999/02/16 v1.0f Enhanced LaTeX Graphics (DPC,SPQR)

(/usr/share/texlive/texmf-dist/tex/latex/graphics/graphics.sty
Package: graphics 2009/02/05 v1.0o Standard LaTeX Graphics (DPC,SPQR)

(/usr/share/texlive/texmf-dist/tex/latex/graphics/trig.sty
Package: trig 1999/03/16 v1.09 sin cos tan (DPC)
)
(/usr/share/texlive/texmf-dist/tex/latex/latexconfig/graphics.cfg
File: graphics.cfg 2010/04/23 v1.9 graphics configuration of TeX Live
)
Package graphics Info: Driver file: pdftex.def on input line 91.

(/usr/share/texlive/texmf-dist/tex/latex/pdftex-def/pdftex.def
File: pdftex.def 2011/05/27 v0.06d Graphics/color for pdfTeX

(/usr/share/texlive/texmf-dist/tex/generic/oberdiek/infwarerr.sty
Package: infwarerr 2010/04/08 v1.3 Providing info/warning/error messages (HO)
)
(/usr/share/texlive/texmf-dist/tex/generic/oberdiek/ltxcmds.sty
Package: ltxcmds 2011/11/09 v1.22 LaTeX kernel commands for general use (HO)
)
\Gread@gobject=\count91
))
\Gin@req@height=\dimen112
\Gin@req@width=\dimen113
)
(./–û—Ü–µ–Ω–∫–∞ —Ç–æ—á–Ω–æ—Å—Ç–∏ —Ç–µ–æ—Ä–∏–π –¥–≤–∏–∂–µ–Ω–∏—è —Å–ø—É—Ç–Ω–∏–∫–æ
–≤ –£—Ä–∞–Ω–∞.aux
LaTeX Font Info:    Try loading font information for T2A+cmr on input line 3.
 (/usr/share/texlive/texmf-dist/tex/latex/cyrillic/t2acmr.fd
File: t2acmr.fd 2001/08/11 v1.0a Computer Modern Cyrillic font definitions
))
\openout1 = `"–û—Ü–µ–Ω–∫–∞ —Ç–æ—á–Ω–æ—Å—Ç–∏ —Ç–µ–æ—Ä–∏–π –¥–≤–∏–∂–µ–Ω–∏—è —Å–ø—
É—Ç–Ω–∏–∫–æ–≤ –£—Ä–∞–Ω–∞.aux"'.

LaTeX Font Info:    Checking defaults for OML/cmm/m/it on input line 15.
LaTeX Font Info:    ... okay on input line 15.
LaTeX Font Info:    Checking defaults for T1/cmr/m/n on input line 15.
LaTeX Font Info:    ... okay on input line 15.
LaTeX Font Info:    Checking defaults for OT1/cmr/m/n on input line 15.
LaTeX Font Info:    ... okay on input line 15.
LaTeX Font Info:    Checking defaults for OMS/cmsy/m/n on input line 15.
LaTeX Font Info:    ... okay on input line 15.
LaTeX Font Info:    Checking defaults for OMX/cmex/m/n on input line 15.
LaTeX Font Info:    ... okay on input line 15.
LaTeX Font Info:    Checking defaults for U/cmr/m/n on input line 15.
LaTeX Font Info:    ... okay on input line 15.
LaTeX Font Info:    Checking defaults for T2A/cmr/m/n on input line 15.
LaTeX Font Info:    ... okay on input line 15.
*geometry* driver: auto-detecting
*geometry* detected driver: pdftex
*geometry* verbose mode - [ preamble ] result:
* driver: pdftex
* paper: <default>
* layout: <same size as paper>
* layoutoffset:(h,v)=(0.0pt,0.0pt)
* modes: 
* h-part:(L,W,R)=(71.13188pt, 472.03123pt, 71.13188pt)
* v-part:(T,H,B)=(56.9055pt, 681.15898pt, 56.9055pt)
* \paperwidth=614.295pt
* \paperheight=794.96999pt
* \textwidth=472.03123pt
* \textheight=681.15898pt
* \oddsidemargin=-1.1381pt
* \evensidemargin=-1.1381pt
* \topmargin=-52.36449pt
* \headheight=12.0pt
* \headsep=25.0pt
* \topskip=10.0pt
* \footskip=30.0pt
* \marginparwidth=65.0pt
* \marginparsep=11.0pt
* \columnsep=10.0pt
* \skip\footins=9.0pt plus 4.0pt minus 2.0pt
* \hoffset=0.0pt
* \voffset=0.0pt
* \mag=1000
* \@twocolumnfalse
* \@twosidefalse
* \@mparswitchfalse
* \@reversemarginfalse
* (1in=72.27pt=25.4mm, 1cm=28.453pt)

(/usr/share/texlive/texmf-dist/tex/context/base/supp-pdf.mkii
[Loading MPS to PDF converter (version 2006.09.02).]
\scratchcounter=\count92
\scratchdimen=\dimen114
\scratchbox=\box26
\nofMPsegments=\count93
\nofMParguments=\count94
\everyMPshowfont=\toks18
\MPscratchCnt=\count95
\MPscratchDim=\dimen115
\MPnumerator=\count96
\makeMPintoPDFobject=\count97
\everyMPtoPDFconversion=\toks19
) (/usr/share/texlive/texmf-dist/tex/generic/oberdiek/pdftexcmds.sty
Package: pdftexcmds 2011/11/29 v0.20 Utility functions of pdfTeX for LuaTeX (HO
)

(/usr/share/texlive/texmf-dist/tex/generic/oberdiek/ifluatex.sty
Package: ifluatex 2010/03/01 v1.3 Provides the ifluatex switch (HO)
Package ifluatex Info: LuaTeX not detected.
)
Package pdftexcmds Info: LuaTeX not detected.
Package pdftexcmds Info: \pdf@primitive is available.
Package pdftexcmds Info: \pdf@ifprimitive is available.
Package pdftexcmds Info: \pdfdraftmode found.
)
(/usr/share/texlive/texmf-dist/tex/latex/oberdiek/epstopdf-base.sty
Package: epstopdf-base 2010/02/09 v2.5 Base part for package epstopdf

(/usr/share/texlive/texmf-dist/tex/latex/oberdiek/grfext.sty
Package: grfext 2010/08/19 v1.1 Manage graphics extensions (HO)

(/usr/share/texlive/texmf-dist/tex/generic/oberdiek/kvdefinekeys.sty
Package: kvdefinekeys 2011/04/07 v1.3 Define keys (HO)
))
(/usr/share/texlive/texmf-dist/tex/latex/oberdiek/kvoptions.sty
Package: kvoptions 2011/06/30 v3.11 Key value format for package options (HO)

(/usr/share/texlive/texmf-dist/tex/generic/oberdiek/kvsetkeys.sty
Package: kvsetkeys 2012/04/25 v1.16 Key value parser (HO)

(/usr/share/texlive/texmf-dist/tex/generic/oberdiek/etexcmds.sty
Package: etexcmds 2011/02/16 v1.5 Avoid name clashes with e-TeX commands (HO)
Package etexcmds Info: Could not find \expanded.
(etexcmds)             That can mean that you are not using pdfTeX 1.50 or
(etexcmds)             that some package has redefined \expanded.
(etexcmds)             In the latter case, load this package earlier.
)))
Package grfext Info: Graphics extension search list:
(grfext)             [.png,.eps]
(grfext)             \AppendGraphicsExtensions on input line 452.

(/usr/share/texlive/texmf-dist/tex/latex/latexconfig/epstopdf-sys.cfg
File: epstopdf-sys.cfg 2010/07/13 v1.3 Configuration of (r)epstopdf for TeX Liv
e
))
[1

{/var/lib/texmf/fonts/map/pdftex/updmap/pdftex.map}]
(./–û—Ü–µ–Ω–∫–∞ —Ç–æ—á–Ω–æ—Å—Ç–∏ —Ç–µ–æ—Ä–∏–π –¥–≤–∏–∂–µ–Ω–∏—è —Å–ø—É—Ç–Ω–∏–∫–æ
–≤ –£—Ä–∞–Ω–∞.toc
LaTeX Font Info:    External font `cmex10' loaded for size
(Font)              <7> on input line 5.
LaTeX Font Info:    External font `cmex10' loaded for size
(Font)              <5> on input line 5.
)
\tf@toc=\write3
\openout3 = `"–û—Ü–µ–Ω–∫–∞ —Ç–æ—á–Ω–æ—Å—Ç–∏ —Ç–µ–æ—Ä–∏–π –¥–≤–∏–∂–µ–Ω–∏—è —Å–ø—
É—Ç–Ω–∏–∫–æ–≤ –£—Ä–∞–Ω–∞.toc"'.

 [2]
! Extra alignment tab has been changed to \cr.
<recently read> \endtemplate 
                             
l.70  &
        & \\
You have given more \span or & marks than there were
in the preamble to the \halign or \valign now in progress.
So I'll assume that you meant to type \cr instead.

<pictures/plane_turn_3.png, id=13, 567.11874pt x 288.07625pt>
File: pictures/plane_turn_3.png Graphic file (type png)

<use pictures/plane_turn_3.png>
Package pdftex.def Info: pictures/plane_turn_3.png used on input line 83.
(pdftex.def)             Requested size: 396.98041pt x 201.65198pt.


LaTeX Warning: `!h' float specifier changed to `!ht'.


! LaTeX Error: There's no line here to end.

See the LaTeX manual or LaTeX Companion for explanation.
Type  H <return>  for immediate help.
 ...                                              
                                                  
l.88 
     
Your command was ignored.
Type  I <command> <return>  to replace it with another command,
or  <return>  to continue without it.


Underfull \hbox (badness 10000) in paragraph at lines 92--106

 []

[3]

! LaTeX Error: There's no line here to end.

See the LaTeX manual or LaTeX Companion for explanation.
Type  H <return>  for immediate help.
 ...                                              
                                                  
l.108 
      
Your command was ignored.
Type  I <command> <return>  to replace it with another command,
or  <return>  to continue without it.

[4 <./pictures/plane_turn_3.png>]
Underfull \hbox (badness 10000) in paragraph at lines 142--143

 []


Underfull \hbox (badness 10000) in paragraph at lines 145--158

 []

[5] [6] <pictures/Ariel_Emelyanov_RA.png, id=34, 1505.625pt x 501.875pt>
File: pictures/Ariel_Emelyanov_RA.png Graphic file (type png)

<use pictures/Ariel_Emelyanov_RA.png>
Package pdftex.def Info: pictures/Ariel_Emelyanov_RA.png used on input line 202
.
(pdftex.def)             Requested size: 376.40533pt x 125.46843pt.

<pictures/Ariel_Emelyanov_DEC.png, id=35, 1505.625pt x 501.875pt>
File: pictures/Ariel_Emelyanov_DEC.png Graphic file (type png)

<use pictures/Ariel_Emelyanov_DEC.png>
Package pdftex.def Info: pictures/Ariel_Emelyanov_DEC.png used on input line 20
8.
(pdftex.def)             Requested size: 376.40533pt x 125.46843pt.

<pictures/Umbriel_Emelyanov_RA.png, id=36, 1505.625pt x 501.875pt>
File: pictures/Umbriel_Emelyanov_RA.png Graphic file (type png)

<use pictures/Umbriel_Emelyanov_RA.png>
Package pdftex.def Info: pictures/Umbriel_Emelyanov_RA.png used on input line 2
16.
(pdftex.def)             Requested size: 376.40533pt x 125.46843pt.

<pictures/Umbriel_Emelyanov_DEC.png, id=37, 1505.625pt x 501.875pt>
File: pictures/Umbriel_Emelyanov_DEC.png Graphic file (type png)

<use pictures/Umbriel_Emelyanov_DEC.png>
Package pdftex.def Info: pictures/Umbriel_Emelyanov_DEC.png used on input line 
222.
(pdftex.def)             Requested size: 376.40533pt x 125.46843pt.


LaTeX Warning: `!h' float specifier changed to `!ht'.

<pictures/Titania_Emelyanov_RA.png, id=38, 1505.625pt x 501.875pt>
File: pictures/Titania_Emelyanov_RA.png Graphic file (type png)

<use pictures/Titania_Emelyanov_RA.png>
Package pdftex.def Info: pictures/Titania_Emelyanov_RA.png used on input line 2
30.
(pdftex.def)             Requested size: 376.40533pt x 125.46843pt.


LaTeX Warning: `!h' float specifier changed to `!ht'.

<pictures/Titania_Emelyanov_DEC.png, id=39, 1505.625pt x 501.875pt>
File: pictures/Titania_Emelyanov_DEC.png Graphic file (type png)

<use pictures/Titania_Emelyanov_DEC.png>
Package pdftex.def Info: pictures/Titania_Emelyanov_DEC.png used on input line 
235.
(pdftex.def)             Requested size: 376.40533pt x 125.46843pt.


LaTeX Warning: `!h' float specifier changed to `!ht'.

<pictures/Oberon_Emelyanov_RA.png, id=40, 1505.625pt x 501.875pt>
File: pictures/Oberon_Emelyanov_RA.png Graphic file (type png)

<use pictures/Oberon_Emelyanov_RA.png>
Package pdftex.def Info: pictures/Oberon_Emelyanov_RA.png used on input line 24
2.
(pdftex.def)             Requested size: 376.40533pt x 125.46843pt.


LaTeX Warning: `!h' float specifier changed to `!ht'.

<pictures/Oberon_Emelyanov_DEC.png, id=41, 1505.625pt x 501.875pt>
File: pictures/Oberon_Emelyanov_DEC.png Graphic file (type png)

<use pictures/Oberon_Emelyanov_DEC.png>
Package pdftex.def Info: pictures/Oberon_Emelyanov_DEC.png used on input line 2
47.
(pdftex.def)             Requested size: 376.40533pt x 125.46843pt.


LaTeX Warning: `!h' float specifier changed to `!ht'.

[7 <./pictures/Ariel_Emelyanov_RA.png> <./pictures/Ariel_Emelyanov_DEC.png> <./
pictures/Umbriel_Emelyanov_RA.png>]
Overfull \vbox (6.39098pt too high) has occurred while \output is active []


[8 <./pictures/Umbriel_Emelyanov_DEC.png> <./pictures/Titania_Emelyanov_RA.png>
 <./pictures/Titania_Emelyanov_DEC.png> <./pictures/Oberon_Emelyanov_RA.png>]
Underfull \hbox (badness 10000) in paragraph at lines 262--263

 []

[9 <./pictures/Oberon_Emelyanov_DEC.png>]
Underfull \hbox (badness 10000) in paragraph at lines 298--299

 []

[10]
(./–û—Ü–µ–Ω–∫–∞ —Ç–æ—á–Ω–æ—Å—Ç–∏ —Ç–µ–æ—Ä–∏–π –¥–≤–∏–∂–µ–Ω–∏—è —Å–ø—É—Ç–Ω–∏–∫–æ
–≤ –£—Ä–∞–Ω–∞.aux) ) 
Here is how much of TeX's memory you used:
 2809 strings out of 494816
 39856 string characters out of 3177879
 106674 words of memory out of 3000000
 5961 multiletter control sequences out of 15000+200000
 8499 words of font info for 20 fonts, out of 3000000 for 9000
 198 hyphenation exceptions out of 8191
 37i,7n,24p,1659b,223s stack positions out of 5000i,500n,10000p,200000b,50000s
 </home/veyza/.texmf-var/fonts/pk/ljfour/lh/lh-t2a/labx1200
.600pk> </home/veyza/.texmf-var/fonts/pk/ljfour/lh/lh-t2a/labx1000.600pk> </hom
e/veyza/.texmf-var/fonts/pk/ljfour/lh/lh-t2a/labx1440.600pk> </home/veyza/.texm
f-var/fonts/pk/ljfour/lh/lh-t2a/larm1000.600pk> </home/veyza/.texmf-var/fonts/p
k/ljfour/lh/lh-t2a/larm1200.600pk></usr/share/texlive/texmf-dist/fonts/type1/pu
blic/amsfonts/cm/cmex10.pfb></usr/share/texlive/texmf-dist/fonts/type1/public/a
msfonts/cm/cmmi10.pfb></usr/share/texlive/texmf-dist/fonts/type1/public/amsfont
s/cm/cmmi7.pfb></usr/share/texlive/texmf-dist/fonts/type1/public/amsfonts/cm/cm
r10.pfb></usr/share/texlive/texmf-dist/fonts/type1/public/amsfonts/cm/cmr7.pfb>
</usr/share/texlive/texmf-dist/fonts/type1/public/amsfonts/cm/cmsy10.pfb></usr/
share/texlive/texmf-dist/fonts/type1/public/amsfonts/cm/cmsy7.pfb>
Output written on "–û—Ü–µ–Ω–∫–∞ —Ç–æ—á–Ω–æ—Å—Ç–∏ —Ç–µ–æ—Ä–∏–π –¥–≤–∏–∂–µ–Ω–∏—è 
—Å–ø—É—Ç–Ω–∏–∫–æ–≤ –£—Ä–∞–Ω–∞.pdf" (10 pages, 257559 bytes).
PDF statistics:
 371 PDF objects out of 1000 (max. 8388607)
 65 compressed objects within 1 object stream
 0 named destinations out of 1000 (max. 500000)
 46 words of extra memory for PDF output out of 10000 (max. 10000000)

